Command line invocation:
    /Applications/Xcode.app/Contents/Developer/usr/bin/xcodebuild -project ABCEats.xcodeproj -scheme ABCEats build

ComputePackagePrebuildTargetDependencyGraph

Prepare packages

CreateBuildRequest

SendProjectDescription

CreateBuildOperation

ComputeTargetDependencyGraph
note: Building targets in dependency order
note: Target dependency graph (1 target)
    Target 'ABCEats' in project 'ABCEats' (no dependencies)

GatherProvisioningInputs

CreateBuildDescription

ExecuteExternalTool /Applications/Xcode.app/Contents/Developer/Toolchains/XcodeDefault.xctoolchain/usr/bin/clang -v -E -dM -isysroot /Applications/Xcode.app/Contents/Developer/Platforms/iPhoneOS.platform/Developer/SDKs/iPhoneOS18.5.sdk -x c -c /dev/null

ExecuteExternalTool /Applications/Xcode.app/Contents/Developer/usr/bin/actool --print-asset-tag-combinations --output-format xml1 /Users/amitaharoni/Library/CloudStorage/Dropbox/03. Main Personal/02. Programming/11. Swift/ABCEats/ABCEats/ABCEats/Assets.xcassets

ExecuteExternalTool /Applications/Xcode.app/Contents/Developer/usr/bin/actool --version --output-format xml1

ExecuteExternalTool /Applications/Xcode.app/Contents/Developer/Toolchains/XcodeDefault.xctoolchain/usr/bin/swiftc --version

ExecuteExternalTool /Applications/Xcode.app/Contents/Developer/Toolchains/XcodeDefault.xctoolchain/usr/bin/ld -version_details

Build description signature: 693c6b034d47188c07817f8364873402
Build description path: /Users/amitaharoni/Library/Developer/Xcode/DerivedData/ABCEats-fopicpefuffolyeeeubbxnliyfql/Build/Intermediates.noindex/XCBuildData/693c6b034d47188c07817f8364873402.xcbuilddata
ClangStatCache /Applications/Xcode.app/Contents/Developer/Toolchains/XcodeDefault.xctoolchain/usr/bin/clang-stat-cache /Applications/Xcode.app/Contents/Developer/Platforms/iPhoneOS.platform/Developer/SDKs/iPhoneOS18.5.sdk /Users/amitaharoni/Library/Developer/Xcode/DerivedData/SDKStatCaches.noindex/iphoneos18.5-22F76-7fa4eea80a99bbfdc046826b63ec4baf.sdkstatcache
    cd /Users/amitaharoni/Library/CloudStorage/Dropbox/03.\ Main\ Personal/02.\ Programming/11.\ Swift/ABCEats/ABCEats/ABCEats.xcodeproj
    /Applications/Xcode.app/Contents/Developer/Toolchains/XcodeDefault.xctoolchain/usr/bin/clang-stat-cache /Applications/Xcode.app/Contents/Developer/Platforms/iPhoneOS.platform/Developer/SDKs/iPhoneOS18.5.sdk -o /Users/amitaharoni/Library/Developer/Xcode/DerivedData/SDKStatCaches.noindex/iphoneos18.5-22F76-7fa4eea80a99bbfdc046826b63ec4baf.sdkstatcache

WriteAuxiliaryFile /Users/amitaharoni/Library/Developer/Xcode/DerivedData/ABCEats-fopicpefuffolyeeeubbxnliyfql/Build/Intermediates.noindex/ABCEats.build/Debug-iphoneos/ABCEats.build/Objects-normal/arm64/ABCEats.SwiftFileList (in target 'ABCEats' from project 'ABCEats')
    cd /Users/amitaharoni/Library/CloudStorage/Dropbox/03.\ Main\ Personal/02.\ Programming/11.\ Swift/ABCEats/ABCEats
    write-file /Users/amitaharoni/Library/Developer/Xcode/DerivedData/ABCEats-fopicpefuffolyeeeubbxnliyfql/Build/Intermediates.noindex/ABCEats.build/Debug-iphoneos/ABCEats.build/Objects-normal/arm64/ABCEats.SwiftFileList

WriteAuxiliaryFile /Users/amitaharoni/Library/Developer/Xcode/DerivedData/ABCEats-fopicpefuffolyeeeubbxnliyfql/Build/Intermediates.noindex/ABCEats.build/Debug-iphoneos/ABCEats.build/Objects-normal/arm64/ABCEats.SwiftConstValuesFileList (in target 'ABCEats' from project 'ABCEats')
    cd /Users/amitaharoni/Library/CloudStorage/Dropbox/03.\ Main\ Personal/02.\ Programming/11.\ Swift/ABCEats/ABCEats
    write-file /Users/amitaharoni/Library/Developer/Xcode/DerivedData/ABCEats-fopicpefuffolyeeeubbxnliyfql/Build/Intermediates.noindex/ABCEats.build/Debug-iphoneos/ABCEats.build/Objects-normal/arm64/ABCEats.SwiftConstValuesFileList

WriteAuxiliaryFile /Users/amitaharoni/Library/Developer/Xcode/DerivedData/ABCEats-fopicpefuffolyeeeubbxnliyfql/Build/Intermediates.noindex/ABCEats.build/Debug-iphoneos/ABCEats.build/Objects-normal/arm64/ABCEats.LinkFileList (in target 'ABCEats' from project 'ABCEats')
    cd /Users/amitaharoni/Library/CloudStorage/Dropbox/03.\ Main\ Personal/02.\ Programming/11.\ Swift/ABCEats/ABCEats
    write-file /Users/amitaharoni/Library/Developer/Xcode/DerivedData/ABCEats-fopicpefuffolyeeeubbxnliyfql/Build/Intermediates.noindex/ABCEats.build/Debug-iphoneos/ABCEats.build/Objects-normal/arm64/ABCEats.LinkFileList

ProcessProductPackaging "" /Users/amitaharoni/Library/Developer/Xcode/DerivedData/ABCEats-fopicpefuffolyeeeubbxnliyfql/Build/Intermediates.noindex/ABCEats.build/Debug-iphoneos/ABCEats.build/ABCEats.app.xcent (in target 'ABCEats' from project 'ABCEats')
    cd /Users/amitaharoni/Library/CloudStorage/Dropbox/03.\ Main\ Personal/02.\ Programming/11.\ Swift/ABCEats/ABCEats
    
    Entitlements:
    
    {
    "application-identifier" = "FY6ZSJ3L3F.ChefAharoni.ABCEats";
    "com.apple.developer.team-identifier" = FY6ZSJ3L3F;
    "get-task-allow" = 1;
}
    
    builtin-productPackagingUtility -entitlements -format xml -o /Users/amitaharoni/Library/Developer/Xcode/DerivedData/ABCEats-fopicpefuffolyeeeubbxnliyfql/Build/Intermediates.noindex/ABCEats.build/Debug-iphoneos/ABCEats.build/ABCEats.app.xcent

ProcessProductPackagingDER /Users/amitaharoni/Library/Developer/Xcode/DerivedData/ABCEats-fopicpefuffolyeeeubbxnliyfql/Build/Intermediates.noindex/ABCEats.build/Debug-iphoneos/ABCEats.build/ABCEats.app.xcent /Users/amitaharoni/Library/Developer/Xcode/DerivedData/ABCEats-fopicpefuffolyeeeubbxnliyfql/Build/Intermediates.noindex/ABCEats.build/Debug-iphoneos/ABCEats.build/ABCEats.app.xcent.der (in target 'ABCEats' from project 'ABCEats')
    cd /Users/amitaharoni/Library/CloudStorage/Dropbox/03.\ Main\ Personal/02.\ Programming/11.\ Swift/ABCEats/ABCEats
    /usr/bin/derq query -f xml -i /Users/amitaharoni/Library/Developer/Xcode/DerivedData/ABCEats-fopicpefuffolyeeeubbxnliyfql/Build/Intermediates.noindex/ABCEats.build/Debug-iphoneos/ABCEats.build/ABCEats.app.xcent -o /Users/amitaharoni/Library/Developer/Xcode/DerivedData/ABCEats-fopicpefuffolyeeeubbxnliyfql/Build/Intermediates.noindex/ABCEats.build/Debug-iphoneos/ABCEats.build/ABCEats.app.xcent.der --raw

CompileAssetCatalogVariant thinned /Users/amitaharoni/Library/Developer/Xcode/DerivedData/ABCEats-fopicpefuffolyeeeubbxnliyfql/Build/Products/Debug-iphoneos/ABCEats.app /Users/amitaharoni/Library/CloudStorage/Dropbox/03.\ Main\ Personal/02.\ Programming/11.\ Swift/ABCEats/ABCEats/ABCEats/Assets.xcassets (in target 'ABCEats' from project 'ABCEats')
    cd /Users/amitaharoni/Library/CloudStorage/Dropbox/03.\ Main\ Personal/02.\ Programming/11.\ Swift/ABCEats/ABCEats
    /Applications/Xcode.app/Contents/Developer/usr/bin/actool /Users/amitaharoni/Library/CloudStorage/Dropbox/03.\ Main\ Personal/02.\ Programming/11.\ Swift/ABCEats/ABCEats/ABCEats/Assets.xcassets --compile /Users/amitaharoni/Library/Developer/Xcode/DerivedData/ABCEats-fopicpefuffolyeeeubbxnliyfql/Build/Intermediates.noindex/ABCEats.build/Debug-iphoneos/ABCEats.build/assetcatalog_output/thinned --output-format human-readable-text --notices --warnings --export-dependency-info /Users/amitaharoni/Library/Developer/Xcode/DerivedData/ABCEats-fopicpefuffolyeeeubbxnliyfql/Build/Intermediates.noindex/ABCEats.build/Debug-iphoneos/ABCEats.build/assetcatalog_dependencies_thinned --output-partial-info-plist /Users/amitaharoni/Library/Developer/Xcode/DerivedData/ABCEats-fopicpefuffolyeeeubbxnliyfql/Build/Intermediates.noindex/ABCEats.build/Debug-iphoneos/ABCEats.build/assetcatalog_generated_info.plist_thinned --app-icon AppIcon --accent-color AccentColor --compress-pngs --enable-on-demand-resources YES --filter-for-thinning-device-configuration MacFamily20,1 --filter-for-device-os-version 26.0 --development-region en --target-device iphone --target-device ipad --minimum-deployment-target 18.5 --platform iphoneos
/* com.apple.actool.document.notices */
/Users/amitaharoni/Library/CloudStorage/Dropbox/03. Main Personal/02. Programming/11. Swift/ABCEats/ABCEats/ABCEats/Assets.xcassets:./AppIcon.appiconset/[][ipad][76x76][][][1x][][][][]: notice: 76x76@1x app icons only apply to iPad apps targeting releases of iOS prior to 10.0.
/* com.apple.actool.compilation-results */
/Users/amitaharoni/Library/Developer/Xcode/DerivedData/ABCEats-fopicpefuffolyeeeubbxnliyfql/Build/Intermediates.noindex/ABCEats.build/Debug-iphoneos/ABCEats.build/assetcatalog_generated_info.plist_thinned
/Users/amitaharoni/Library/Developer/Xcode/DerivedData/ABCEats-fopicpefuffolyeeeubbxnliyfql/Build/Intermediates.noindex/ABCEats.build/Debug-iphoneos/ABCEats.build/assetcatalog_output/thinned/AppIcon60x60@2x.png
/Users/amitaharoni/Library/Developer/Xcode/DerivedData/ABCEats-fopicpefuffolyeeeubbxnliyfql/Build/Intermediates.noindex/ABCEats.build/Debug-iphoneos/ABCEats.build/assetcatalog_output/thinned/AppIcon76x76@2x~ipad.png
/Users/amitaharoni/Library/Developer/Xcode/DerivedData/ABCEats-fopicpefuffolyeeeubbxnliyfql/Build/Intermediates.noindex/ABCEats.build/Debug-iphoneos/ABCEats.build/assetcatalog_output/thinned/Assets.car


SwiftDriver ABCEats normal arm64 com.apple.xcode.tools.swift.compiler (in target 'ABCEats' from project 'ABCEats')
    cd /Users/amitaharoni/Library/CloudStorage/Dropbox/03.\ Main\ Personal/02.\ Programming/11.\ Swift/ABCEats/ABCEats
    builtin-SwiftDriver -- /Applications/Xcode.app/Contents/Developer/Toolchains/XcodeDefault.xctoolchain/usr/bin/swiftc -module-name ABCEats -Onone -enforce-exclusivity\=checked @/Users/amitaharoni/Library/Developer/Xcode/DerivedData/ABCEats-fopicpefuffolyeeeubbxnliyfql/Build/Intermediates.noindex/ABCEats.build/Debug-iphoneos/ABCEats.build/Objects-normal/arm64/ABCEats.SwiftFileList -DDEBUG -enable-bare-slash-regex -enable-experimental-feature DebugDescriptionMacro -sdk /Applications/Xcode.app/Contents/Developer/Platforms/iPhoneOS.platform/Developer/SDKs/iPhoneOS18.5.sdk -target arm64-apple-ios18.5 -g -module-cache-path /Users/amitaharoni/Library/Developer/Xcode/DerivedData/ModuleCache.noindex -Xfrontend -serialize-debugging-options -profile-coverage-mapping -profile-generate -enable-testing -index-store-path /Users/amitaharoni/Library/Developer/Xcode/DerivedData/ABCEats-fopicpefuffolyeeeubbxnliyfql/Index.noindex/DataStore -swift-version 5 -I /Users/amitaharoni/Library/Developer/Xcode/DerivedData/ABCEats-fopicpefuffolyeeeubbxnliyfql/Build/Products/Debug-iphoneos -F /Users/amitaharoni/Library/Developer/Xcode/DerivedData/ABCEats-fopicpefuffolyeeeubbxnliyfql/Build/Products/Debug-iphoneos -emit-localized-strings -emit-localized-strings-path /Users/amitaharoni/Library/Developer/Xcode/DerivedData/ABCEats-fopicpefuffolyeeeubbxnliyfql/Build/Intermediates.noindex/ABCEats.build/Debug-iphoneos/ABCEats.build/Objects-normal/arm64 -c -j10 -enable-batch-mode -incremental -Xcc -ivfsstatcache -Xcc /Users/amitaharoni/Library/Developer/Xcode/DerivedData/SDKStatCaches.noindex/iphoneos18.5-22F76-7fa4eea80a99bbfdc046826b63ec4baf.sdkstatcache -output-file-map /Users/amitaharoni/Library/Developer/Xcode/DerivedData/ABCEats-fopicpefuffolyeeeubbxnliyfql/Build/Intermediates.noindex/ABCEats.build/Debug-iphoneos/ABCEats.build/Objects-normal/arm64/ABCEats-OutputFileMap.json -use-frontend-parseable-output -save-temps -no-color-diagnostics -serialize-diagnostics -emit-dependencies -emit-module -emit-module-path /Users/amitaharoni/Library/Developer/Xcode/DerivedData/ABCEats-fopicpefuffolyeeeubbxnliyfql/Build/Intermediates.noindex/ABCEats.build/Debug-iphoneos/ABCEats.build/Objects-normal/arm64/ABCEats.swiftmodule -validate-clang-modules-once -clang-build-session-file /Users/amitaharoni/Library/Developer/Xcode/DerivedData/ModuleCache.noindex/Session.modulevalidation -Xcc -I/Users/amitaharoni/Library/Developer/Xcode/DerivedData/ABCEats-fopicpefuffolyeeeubbxnliyfql/Build/Intermediates.noindex/ABCEats.build/Debug-iphoneos/ABCEats.build/swift-overrides.hmap -emit-const-values -Xfrontend -const-gather-protocols-file -Xfrontend /Users/amitaharoni/Library/Developer/Xcode/DerivedData/ABCEats-fopicpefuffolyeeeubbxnliyfql/Build/Intermediates.noindex/ABCEats.build/Debug-iphoneos/ABCEats.build/Objects-normal/arm64/ABCEats_const_extract_protocols.json -Xcc -iquote -Xcc /Users/amitaharoni/Library/Developer/Xcode/DerivedData/ABCEats-fopicpefuffolyeeeubbxnliyfql/Build/Intermediates.noindex/ABCEats.build/Debug-iphoneos/ABCEats.build/ABCEats-generated-files.hmap -Xcc -I/Users/amitaharoni/Library/Developer/Xcode/DerivedData/ABCEats-fopicpefuffolyeeeubbxnliyfql/Build/Intermediates.noindex/ABCEats.build/Debug-iphoneos/ABCEats.build/ABCEats-own-target-headers.hmap -Xcc -I/Users/amitaharoni/Library/Developer/Xcode/DerivedData/ABCEats-fopicpefuffolyeeeubbxnliyfql/Build/Intermediates.noindex/ABCEats.build/Debug-iphoneos/ABCEats.build/ABCEats-all-target-headers.hmap -Xcc -iquote -Xcc /Users/amitaharoni/Library/Developer/Xcode/DerivedData/ABCEats-fopicpefuffolyeeeubbxnliyfql/Build/Intermediates.noindex/ABCEats.build/Debug-iphoneos/ABCEats.build/ABCEats-project-headers.hmap -Xcc -I/Users/amitaharoni/Library/Developer/Xcode/DerivedData/ABCEats-fopicpefuffolyeeeubbxnliyfql/Build/Products/Debug-iphoneos/include -Xcc -I/Users/amitaharoni/Library/Developer/Xcode/DerivedData/ABCEats-fopicpefuffolyeeeubbxnliyfql/Build/Intermediates.noindex/ABCEats.build/Debug-iphoneos/ABCEats.build/DerivedSources-normal/arm64 -Xcc -I/Users/amitaharoni/Library/Developer/Xcode/DerivedData/ABCEats-fopicpefuffolyeeeubbxnliyfql/Build/Intermediates.noindex/ABCEats.build/Debug-iphoneos/ABCEats.build/DerivedSources/arm64 -Xcc -I/Users/amitaharoni/Library/Developer/Xcode/DerivedData/ABCEats-fopicpefuffolyeeeubbxnliyfql/Build/Intermediates.noindex/ABCEats.build/Debug-iphoneos/ABCEats.build/DerivedSources -Xcc -DDEBUG\=1 -emit-objc-header -emit-objc-header-path /Users/amitaharoni/Library/Developer/Xcode/DerivedData/ABCEats-fopicpefuffolyeeeubbxnliyfql/Build/Intermediates.noindex/ABCEats.build/Debug-iphoneos/ABCEats.build/Objects-normal/arm64/ABCEats-Swift.h -working-directory /Users/amitaharoni/Library/CloudStorage/Dropbox/03.\ Main\ Personal/02.\ Programming/11.\ Swift/ABCEats/ABCEats -experimental-emit-module-separately -disable-cmo

SwiftCompile normal arm64 Compiling\ PerformanceMonitor.swift /Users/amitaharoni/Library/CloudStorage/Dropbox/03.\ Main\ Personal/02.\ Programming/11.\ Swift/ABCEats/ABCEats/ABCEats/PerformanceMonitor.swift (in target 'ABCEats' from project 'ABCEats')

SwiftCompile normal arm64 /Users/amitaharoni/Library/CloudStorage/Dropbox/03.\ Main\ Personal/02.\ Programming/11.\ Swift/ABCEats/ABCEats/ABCEats/PerformanceMonitor.swift (in target 'ABCEats' from project 'ABCEats')
    cd /Users/amitaharoni/Library/CloudStorage/Dropbox/03.\ Main\ Personal/02.\ Programming/11.\ Swift/ABCEats/ABCEats
    
/Users/amitaharoni/Library/CloudStorage/Dropbox/03. Main Personal/02. Programming/11. Swift/ABCEats/ABCEats/ABCEats/PerformanceMonitor.swift:91:9: warning: result of call to 'endTimer(for:)' is unused
        endTimer(for: operation)
        ^       ~~~~~~~~~~~~~~~~
/Users/amitaharoni/Library/CloudStorage/Dropbox/03. Main Personal/02. Programming/11. Swift/ABCEats/ABCEats/ABCEats/PerformanceMonitor.swift:98:9: warning: result of call to 'endTimer(for:)' is unused
        endTimer(for: operation)
        ^       ~~~~~~~~~~~~~~~~

SwiftEmitModule normal arm64 Emitting\ module\ for\ ABCEats (in target 'ABCEats' from project 'ABCEats')

EmitSwiftModule normal arm64 (in target 'ABCEats' from project 'ABCEats')
    cd /Users/amitaharoni/Library/CloudStorage/Dropbox/03.\ Main\ Personal/02.\ Programming/11.\ Swift/ABCEats/ABCEats
    

SwiftCompile normal arm64 Compiling\ RestaurantDataService.swift /Users/amitaharoni/Library/CloudStorage/Dropbox/03.\ Main\ Personal/02.\ Programming/11.\ Swift/ABCEats/ABCEats/ABCEats/RestaurantDataService.swift (in target 'ABCEats' from project 'ABCEats')

SwiftCompile normal arm64 /Users/amitaharoni/Library/CloudStorage/Dropbox/03.\ Main\ Personal/02.\ Programming/11.\ Swift/ABCEats/ABCEats/ABCEats/RestaurantDataService.swift (in target 'ABCEats' from project 'ABCEats')
    cd /Users/amitaharoni/Library/CloudStorage/Dropbox/03.\ Main\ Personal/02.\ Programming/11.\ Swift/ABCEats/ABCEats
    

SwiftCompile normal arm64 Compiling\ SearchViewModel.swift /Users/amitaharoni/Library/CloudStorage/Dropbox/03.\ Main\ Personal/02.\ Programming/11.\ Swift/ABCEats/ABCEats/ABCEats/SearchViewModel.swift (in target 'ABCEats' from project 'ABCEats')

SwiftCompile normal arm64 /Users/amitaharoni/Library/CloudStorage/Dropbox/03.\ Main\ Personal/02.\ Programming/11.\ Swift/ABCEats/ABCEats/ABCEats/SearchViewModel.swift (in target 'ABCEats' from project 'ABCEats')
    cd /Users/amitaharoni/Library/CloudStorage/Dropbox/03.\ Main\ Personal/02.\ Programming/11.\ Swift/ABCEats/ABCEats
    

SwiftCompile normal arm64 Compiling\ RestaurantMapView.swift /Users/amitaharoni/Library/CloudStorage/Dropbox/03.\ Main\ Personal/02.\ Programming/11.\ Swift/ABCEats/ABCEats/ABCEats/RestaurantMapView.swift (in target 'ABCEats' from project 'ABCEats')

SwiftCompile normal arm64 /Users/amitaharoni/Library/CloudStorage/Dropbox/03.\ Main\ Personal/02.\ Programming/11.\ Swift/ABCEats/ABCEats/ABCEats/RestaurantMapView.swift (in target 'ABCEats' from project 'ABCEats')
    cd /Users/amitaharoni/Library/CloudStorage/Dropbox/03.\ Main\ Personal/02.\ Programming/11.\ Swift/ABCEats/ABCEats
    
/Users/amitaharoni/Library/CloudStorage/Dropbox/03. Main Personal/02. Programming/11. Swift/ABCEats/ABCEats/ABCEats/RestaurantMapView.swift:34:13: warning: 'init(coordinateRegion:interactionModes:showsUserLocation:userTrackingMode:annotationItems:annotationContent:)' was deprecated in iOS 17.0: Use Map initializers that take a MapContentBuilder instead.
            Map(coordinateRegion: $region, showsUserLocation: true, annotationItems: currentRestaurants) { restaurant in
            ^
/Users/amitaharoni/Library/CloudStorage/Dropbox/03. Main Personal/02. Programming/11. Swift/ABCEats/ABCEats/ABCEats/RestaurantMapView.swift:35:17: warning: 'MapAnnotation' was deprecated in iOS 17.0: Use Annotation along with Map initializers that take a MapContentBuilder instead.
                MapAnnotation(coordinate: restaurant.coordinate) {
                ^
/Users/amitaharoni/Library/CloudStorage/Dropbox/03. Main Personal/02. Programming/11. Swift/ABCEats/ABCEats/ABCEats/RestaurantMapView.swift:43:14: warning: 'onChange(of:perform:)' was deprecated in iOS 17.0: Use `onChange` with a two or zero parameter action closure instead.
            .onChange(of: region.center.latitude) { _ in
             ^
/Users/amitaharoni/Library/CloudStorage/Dropbox/03. Main Personal/02. Programming/11. Swift/ABCEats/ABCEats/ABCEats/RestaurantMapView.swift:46:14: warning: 'onChange(of:perform:)' was deprecated in iOS 17.0: Use `onChange` with a two or zero parameter action closure instead.
            .onChange(of: region.center.longitude) { _ in
             ^
/Users/amitaharoni/Library/CloudStorage/Dropbox/03. Main Personal/02. Programming/11. Swift/ABCEats/ABCEats/ABCEats/RestaurantMapView.swift:49:14: warning: 'onChange(of:perform:)' was deprecated in iOS 17.0: Use `onChange` with a two or zero parameter action closure instead.
            .onChange(of: region.span.latitudeDelta) { _ in
             ^
/Users/amitaharoni/Library/CloudStorage/Dropbox/03. Main Personal/02. Programming/11. Swift/ABCEats/ABCEats/ABCEats/RestaurantMapView.swift:52:14: warning: 'onChange(of:perform:)' was deprecated in iOS 17.0: Use `onChange` with a two or zero parameter action closure instead.
            .onChange(of: region.span.longitudeDelta) { _ in
             ^
/Users/amitaharoni/Library/CloudStorage/Dropbox/03. Main Personal/02. Programming/11. Swift/ABCEats/ABCEats/ABCEats/RestaurantMapView.swift:125:10: warning: 'onChange(of:perform:)' was deprecated in iOS 17.0: Use `onChange` with a two or zero parameter action closure instead.
        .onChange(of: locationManager.location) { location in
         ^

SwiftDriverJobDiscovery normal arm64 Emitting module for ABCEats (in target 'ABCEats' from project 'ABCEats')

SwiftDriver\ Compilation\ Requirements ABCEats normal arm64 com.apple.xcode.tools.swift.compiler (in target 'ABCEats' from project 'ABCEats')
    cd /Users/amitaharoni/Library/CloudStorage/Dropbox/03.\ Main\ Personal/02.\ Programming/11.\ Swift/ABCEats/ABCEats
    builtin-Swift-Compilation-Requirements -- /Applications/Xcode.app/Contents/Developer/Toolchains/XcodeDefault.xctoolchain/usr/bin/swiftc -module-name ABCEats -Onone -enforce-exclusivity\=checked @/Users/amitaharoni/Library/Developer/Xcode/DerivedData/ABCEats-fopicpefuffolyeeeubbxnliyfql/Build/Intermediates.noindex/ABCEats.build/Debug-iphoneos/ABCEats.build/Objects-normal/arm64/ABCEats.SwiftFileList -DDEBUG -enable-bare-slash-regex -enable-experimental-feature DebugDescriptionMacro -sdk /Applications/Xcode.app/Contents/Developer/Platforms/iPhoneOS.platform/Developer/SDKs/iPhoneOS18.5.sdk -target arm64-apple-ios18.5 -g -module-cache-path /Users/amitaharoni/Library/Developer/Xcode/DerivedData/ModuleCache.noindex -Xfrontend -serialize-debugging-options -profile-coverage-mapping -profile-generate -enable-testing -index-store-path /Users/amitaharoni/Library/Developer/Xcode/DerivedData/ABCEats-fopicpefuffolyeeeubbxnliyfql/Index.noindex/DataStore -swift-version 5 -I /Users/amitaharoni/Library/Developer/Xcode/DerivedData/ABCEats-fopicpefuffolyeeeubbxnliyfql/Build/Products/Debug-iphoneos -F /Users/amitaharoni/Library/Developer/Xcode/DerivedData/ABCEats-fopicpefuffolyeeeubbxnliyfql/Build/Products/Debug-iphoneos -emit-localized-strings -emit-localized-strings-path /Users/amitaharoni/Library/Developer/Xcode/DerivedData/ABCEats-fopicpefuffolyeeeubbxnliyfql/Build/Intermediates.noindex/ABCEats.build/Debug-iphoneos/ABCEats.build/Objects-normal/arm64 -c -j10 -enable-batch-mode -incremental -Xcc -ivfsstatcache -Xcc /Users/amitaharoni/Library/Developer/Xcode/DerivedData/SDKStatCaches.noindex/iphoneos18.5-22F76-7fa4eea80a99bbfdc046826b63ec4baf.sdkstatcache -output-file-map /Users/amitaharoni/Library/Developer/Xcode/DerivedData/ABCEats-fopicpefuffolyeeeubbxnliyfql/Build/Intermediates.noindex/ABCEats.build/Debug-iphoneos/ABCEats.build/Objects-normal/arm64/ABCEats-OutputFileMap.json -use-frontend-parseable-output -save-temps -no-color-diagnostics -serialize-diagnostics -emit-dependencies -emit-module -emit-module-path /Users/amitaharoni/Library/Developer/Xcode/DerivedData/ABCEats-fopicpefuffolyeeeubbxnliyfql/Build/Intermediates.noindex/ABCEats.build/Debug-iphoneos/ABCEats.build/Objects-normal/arm64/ABCEats.swiftmodule -validate-clang-modules-once -clang-build-session-file /Users/amitaharoni/Library/Developer/Xcode/DerivedData/ModuleCache.noindex/Session.modulevalidation -Xcc -I/Users/amitaharoni/Library/Developer/Xcode/DerivedData/ABCEats-fopicpefuffolyeeeubbxnliyfql/Build/Intermediates.noindex/ABCEats.build/Debug-iphoneos/ABCEats.build/swift-overrides.hmap -emit-const-values -Xfrontend -const-gather-protocols-file -Xfrontend /Users/amitaharoni/Library/Developer/Xcode/DerivedData/ABCEats-fopicpefuffolyeeeubbxnliyfql/Build/Intermediates.noindex/ABCEats.build/Debug-iphoneos/ABCEats.build/Objects-normal/arm64/ABCEats_const_extract_protocols.json -Xcc -iquote -Xcc /Users/amitaharoni/Library/Developer/Xcode/DerivedData/ABCEats-fopicpefuffolyeeeubbxnliyfql/Build/Intermediates.noindex/ABCEats.build/Debug-iphoneos/ABCEats.build/ABCEats-generated-files.hmap -Xcc -I/Users/amitaharoni/Library/Developer/Xcode/DerivedData/ABCEats-fopicpefuffolyeeeubbxnliyfql/Build/Intermediates.noindex/ABCEats.build/Debug-iphoneos/ABCEats.build/ABCEats-own-target-headers.hmap -Xcc -I/Users/amitaharoni/Library/Developer/Xcode/DerivedData/ABCEats-fopicpefuffolyeeeubbxnliyfql/Build/Intermediates.noindex/ABCEats.build/Debug-iphoneos/ABCEats.build/ABCEats-all-target-headers.hmap -Xcc -iquote -Xcc /Users/amitaharoni/Library/Developer/Xcode/DerivedData/ABCEats-fopicpefuffolyeeeubbxnliyfql/Build/Intermediates.noindex/ABCEats.build/Debug-iphoneos/ABCEats.build/ABCEats-project-headers.hmap -Xcc -I/Users/amitaharoni/Library/Developer/Xcode/DerivedData/ABCEats-fopicpefuffolyeeeubbxnliyfql/Build/Products/Debug-iphoneos/include -Xcc -I/Users/amitaharoni/Library/Developer/Xcode/DerivedData/ABCEats-fopicpefuffolyeeeubbxnliyfql/Build/Intermediates.noindex/ABCEats.build/Debug-iphoneos/ABCEats.build/DerivedSources-normal/arm64 -Xcc -I/Users/amitaharoni/Library/Developer/Xcode/DerivedData/ABCEats-fopicpefuffolyeeeubbxnliyfql/Build/Intermediates.noindex/ABCEats.build/Debug-iphoneos/ABCEats.build/DerivedSources/arm64 -Xcc -I/Users/amitaharoni/Library/Developer/Xcode/DerivedData/ABCEats-fopicpefuffolyeeeubbxnliyfql/Build/Intermediates.noindex/ABCEats.build/Debug-iphoneos/ABCEats.build/DerivedSources -Xcc -DDEBUG\=1 -emit-objc-header -emit-objc-header-path /Users/amitaharoni/Library/Developer/Xcode/DerivedData/ABCEats-fopicpefuffolyeeeubbxnliyfql/Build/Intermediates.noindex/ABCEats.build/Debug-iphoneos/ABCEats.build/Objects-normal/arm64/ABCEats-Swift.h -working-directory /Users/amitaharoni/Library/CloudStorage/Dropbox/03.\ Main\ Personal/02.\ Programming/11.\ Swift/ABCEats/ABCEats -experimental-emit-module-separately -disable-cmo

Copy /Users/amitaharoni/Library/Developer/Xcode/DerivedData/ABCEats-fopicpefuffolyeeeubbxnliyfql/Build/Products/Debug-iphoneos/ABCEats.swiftmodule/Project/arm64-apple-ios.swiftsourceinfo /Users/amitaharoni/Library/Developer/Xcode/DerivedData/ABCEats-fopicpefuffolyeeeubbxnliyfql/Build/Intermediates.noindex/ABCEats.build/Debug-iphoneos/ABCEats.build/Objects-normal/arm64/ABCEats.swiftsourceinfo (in target 'ABCEats' from project 'ABCEats')
    cd /Users/amitaharoni/Library/CloudStorage/Dropbox/03.\ Main\ Personal/02.\ Programming/11.\ Swift/ABCEats/ABCEats
    builtin-copy -exclude .DS_Store -exclude CVS -exclude .svn -exclude .git -exclude .hg -resolve-src-symlinks -rename /Users/amitaharoni/Library/Developer/Xcode/DerivedData/ABCEats-fopicpefuffolyeeeubbxnliyfql/Build/Intermediates.noindex/ABCEats.build/Debug-iphoneos/ABCEats.build/Objects-normal/arm64/ABCEats.swiftsourceinfo /Users/amitaharoni/Library/Developer/Xcode/DerivedData/ABCEats-fopicpefuffolyeeeubbxnliyfql/Build/Products/Debug-iphoneos/ABCEats.swiftmodule/Project/arm64-apple-ios.swiftsourceinfo

Copy /Users/amitaharoni/Library/Developer/Xcode/DerivedData/ABCEats-fopicpefuffolyeeeubbxnliyfql/Build/Products/Debug-iphoneos/ABCEats.swiftmodule/arm64-apple-ios.abi.json /Users/amitaharoni/Library/Developer/Xcode/DerivedData/ABCEats-fopicpefuffolyeeeubbxnliyfql/Build/Intermediates.noindex/ABCEats.build/Debug-iphoneos/ABCEats.build/Objects-normal/arm64/ABCEats.abi.json (in target 'ABCEats' from project 'ABCEats')
    cd /Users/amitaharoni/Library/CloudStorage/Dropbox/03.\ Main\ Personal/02.\ Programming/11.\ Swift/ABCEats/ABCEats
    builtin-copy -exclude .DS_Store -exclude CVS -exclude .svn -exclude .git -exclude .hg -resolve-src-symlinks -rename /Users/amitaharoni/Library/Developer/Xcode/DerivedData/ABCEats-fopicpefuffolyeeeubbxnliyfql/Build/Intermediates.noindex/ABCEats.build/Debug-iphoneos/ABCEats.build/Objects-normal/arm64/ABCEats.abi.json /Users/amitaharoni/Library/Developer/Xcode/DerivedData/ABCEats-fopicpefuffolyeeeubbxnliyfql/Build/Products/Debug-iphoneos/ABCEats.swiftmodule/arm64-apple-ios.abi.json

Copy /Users/amitaharoni/Library/Developer/Xcode/DerivedData/ABCEats-fopicpefuffolyeeeubbxnliyfql/Build/Products/Debug-iphoneos/ABCEats.swiftmodule/arm64-apple-ios.swiftmodule /Users/amitaharoni/Library/Developer/Xcode/DerivedData/ABCEats-fopicpefuffolyeeeubbxnliyfql/Build/Intermediates.noindex/ABCEats.build/Debug-iphoneos/ABCEats.build/Objects-normal/arm64/ABCEats.swiftmodule (in target 'ABCEats' from project 'ABCEats')
    cd /Users/amitaharoni/Library/CloudStorage/Dropbox/03.\ Main\ Personal/02.\ Programming/11.\ Swift/ABCEats/ABCEats
    builtin-copy -exclude .DS_Store -exclude CVS -exclude .svn -exclude .git -exclude .hg -resolve-src-symlinks -rename /Users/amitaharoni/Library/Developer/Xcode/DerivedData/ABCEats-fopicpefuffolyeeeubbxnliyfql/Build/Intermediates.noindex/ABCEats.build/Debug-iphoneos/ABCEats.build/Objects-normal/arm64/ABCEats.swiftmodule /Users/amitaharoni/Library/Developer/Xcode/DerivedData/ABCEats-fopicpefuffolyeeeubbxnliyfql/Build/Products/Debug-iphoneos/ABCEats.swiftmodule/arm64-apple-ios.swiftmodule

SwiftDriverJobDiscovery normal arm64 Compiling SearchViewModel.swift (in target 'ABCEats' from project 'ABCEats')

SwiftCompile normal arm64 Compiling\ ContentView.swift /Users/amitaharoni/Library/CloudStorage/Dropbox/03.\ Main\ Personal/02.\ Programming/11.\ Swift/ABCEats/ABCEats/ABCEats/ContentView.swift (in target 'ABCEats' from project 'ABCEats')

SwiftCompile normal arm64 /Users/amitaharoni/Library/CloudStorage/Dropbox/03.\ Main\ Personal/02.\ Programming/11.\ Swift/ABCEats/ABCEats/ABCEats/ContentView.swift (in target 'ABCEats' from project 'ABCEats')
    cd /Users/amitaharoni/Library/CloudStorage/Dropbox/03.\ Main\ Personal/02.\ Programming/11.\ Swift/ABCEats/ABCEats
    

SwiftCompile normal arm64 Compiling\ ABCEatsApp.swift /Users/amitaharoni/Library/CloudStorage/Dropbox/03.\ Main\ Personal/02.\ Programming/11.\ Swift/ABCEats/ABCEats/ABCEats/ABCEatsApp.swift (in target 'ABCEats' from project 'ABCEats')

SwiftCompile normal arm64 /Users/amitaharoni/Library/CloudStorage/Dropbox/03.\ Main\ Personal/02.\ Programming/11.\ Swift/ABCEats/ABCEats/ABCEats/ABCEatsApp.swift (in target 'ABCEats' from project 'ABCEats')
    cd /Users/amitaharoni/Library/CloudStorage/Dropbox/03.\ Main\ Personal/02.\ Programming/11.\ Swift/ABCEats/ABCEats
    

SwiftCompile normal arm64 Compiling\ SearchFiltersView.swift /Users/amitaharoni/Library/CloudStorage/Dropbox/03.\ Main\ Personal/02.\ Programming/11.\ Swift/ABCEats/ABCEats/ABCEats/SearchFiltersView.swift (in target 'ABCEats' from project 'ABCEats')

SwiftCompile normal arm64 /Users/amitaharoni/Library/CloudStorage/Dropbox/03.\ Main\ Personal/02.\ Programming/11.\ Swift/ABCEats/ABCEats/ABCEats/SearchFiltersView.swift (in target 'ABCEats' from project 'ABCEats')
    cd /Users/amitaharoni/Library/CloudStorage/Dropbox/03.\ Main\ Personal/02.\ Programming/11.\ Swift/ABCEats/ABCEats
    

SwiftDriverJobDiscovery normal arm64 Compiling PerformanceMonitor.swift (in target 'ABCEats' from project 'ABCEats')

SwiftDriverJobDiscovery normal arm64 Compiling RestaurantMapView.swift (in target 'ABCEats' from project 'ABCEats')

SwiftDriverJobDiscovery normal arm64 Compiling RestaurantDataService.swift (in target 'ABCEats' from project 'ABCEats')

SwiftDriverJobDiscovery normal arm64 Compiling ABCEatsApp.swift (in target 'ABCEats' from project 'ABCEats')

SwiftDriverJobDiscovery normal arm64 Compiling SearchFiltersView.swift (in target 'ABCEats' from project 'ABCEats')

SwiftDriverJobDiscovery normal arm64 Compiling ContentView.swift (in target 'ABCEats' from project 'ABCEats')

SwiftDriver\ Compilation ABCEats normal arm64 com.apple.xcode.tools.swift.compiler (in target 'ABCEats' from project 'ABCEats')
    cd /Users/amitaharoni/Library/CloudStorage/Dropbox/03.\ Main\ Personal/02.\ Programming/11.\ Swift/ABCEats/ABCEats
    builtin-Swift-Compilation -- /Applications/Xcode.app/Contents/Developer/Toolchains/XcodeDefault.xctoolchain/usr/bin/swiftc -module-name ABCEats -Onone -enforce-exclusivity\=checked @/Users/amitaharoni/Library/Developer/Xcode/DerivedData/ABCEats-fopicpefuffolyeeeubbxnliyfql/Build/Intermediates.noindex/ABCEats.build/Debug-iphoneos/ABCEats.build/Objects-normal/arm64/ABCEats.SwiftFileList -DDEBUG -enable-bare-slash-regex -enable-experimental-feature DebugDescriptionMacro -sdk /Applications/Xcode.app/Contents/Developer/Platforms/iPhoneOS.platform/Developer/SDKs/iPhoneOS18.5.sdk -target arm64-apple-ios18.5 -g -module-cache-path /Users/amitaharoni/Library/Developer/Xcode/DerivedData/ModuleCache.noindex -Xfrontend -serialize-debugging-options -profile-coverage-mapping -profile-generate -enable-testing -index-store-path /Users/amitaharoni/Library/Developer/Xcode/DerivedData/ABCEats-fopicpefuffolyeeeubbxnliyfql/Index.noindex/DataStore -swift-version 5 -I /Users/amitaharoni/Library/Developer/Xcode/DerivedData/ABCEats-fopicpefuffolyeeeubbxnliyfql/Build/Products/Debug-iphoneos -F /Users/amitaharoni/Library/Developer/Xcode/DerivedData/ABCEats-fopicpefuffolyeeeubbxnliyfql/Build/Products/Debug-iphoneos -emit-localized-strings -emit-localized-strings-path /Users/amitaharoni/Library/Developer/Xcode/DerivedData/ABCEats-fopicpefuffolyeeeubbxnliyfql/Build/Intermediates.noindex/ABCEats.build/Debug-iphoneos/ABCEats.build/Objects-normal/arm64 -c -j10 -enable-batch-mode -incremental -Xcc -ivfsstatcache -Xcc /Users/amitaharoni/Library/Developer/Xcode/DerivedData/SDKStatCaches.noindex/iphoneos18.5-22F76-7fa4eea80a99bbfdc046826b63ec4baf.sdkstatcache -output-file-map /Users/amitaharoni/Library/Developer/Xcode/DerivedData/ABCEats-fopicpefuffolyeeeubbxnliyfql/Build/Intermediates.noindex/ABCEats.build/Debug-iphoneos/ABCEats.build/Objects-normal/arm64/ABCEats-OutputFileMap.json -use-frontend-parseable-output -save-temps -no-color-diagnostics -serialize-diagnostics -emit-dependencies -emit-module -emit-module-path /Users/amitaharoni/Library/Developer/Xcode/DerivedData/ABCEats-fopicpefuffolyeeeubbxnliyfql/Build/Intermediates.noindex/ABCEats.build/Debug-iphoneos/ABCEats.build/Objects-normal/arm64/ABCEats.swiftmodule -validate-clang-modules-once -clang-build-session-file /Users/amitaharoni/Library/Developer/Xcode/DerivedData/ModuleCache.noindex/Session.modulevalidation -Xcc -I/Users/amitaharoni/Library/Developer/Xcode/DerivedData/ABCEats-fopicpefuffolyeeeubbxnliyfql/Build/Intermediates.noindex/ABCEats.build/Debug-iphoneos/ABCEats.build/swift-overrides.hmap -emit-const-values -Xfrontend -const-gather-protocols-file -Xfrontend /Users/amitaharoni/Library/Developer/Xcode/DerivedData/ABCEats-fopicpefuffolyeeeubbxnliyfql/Build/Intermediates.noindex/ABCEats.build/Debug-iphoneos/ABCEats.build/Objects-normal/arm64/ABCEats_const_extract_protocols.json -Xcc -iquote -Xcc /Users/amitaharoni/Library/Developer/Xcode/DerivedData/ABCEats-fopicpefuffolyeeeubbxnliyfql/Build/Intermediates.noindex/ABCEats.build/Debug-iphoneos/ABCEats.build/ABCEats-generated-files.hmap -Xcc -I/Users/amitaharoni/Library/Developer/Xcode/DerivedData/ABCEats-fopicpefuffolyeeeubbxnliyfql/Build/Intermediates.noindex/ABCEats.build/Debug-iphoneos/ABCEats.build/ABCEats-own-target-headers.hmap -Xcc -I/Users/amitaharoni/Library/Developer/Xcode/DerivedData/ABCEats-fopicpefuffolyeeeubbxnliyfql/Build/Intermediates.noindex/ABCEats.build/Debug-iphoneos/ABCEats.build/ABCEats-all-target-headers.hmap -Xcc -iquote -Xcc /Users/amitaharoni/Library/Developer/Xcode/DerivedData/ABCEats-fopicpefuffolyeeeubbxnliyfql/Build/Intermediates.noindex/ABCEats.build/Debug-iphoneos/ABCEats.build/ABCEats-project-headers.hmap -Xcc -I/Users/amitaharoni/Library/Developer/Xcode/DerivedData/ABCEats-fopicpefuffolyeeeubbxnliyfql/Build/Products/Debug-iphoneos/include -Xcc -I/Users/amitaharoni/Library/Developer/Xcode/DerivedData/ABCEats-fopicpefuffolyeeeubbxnliyfql/Build/Intermediates.noindex/ABCEats.build/Debug-iphoneos/ABCEats.build/DerivedSources-normal/arm64 -Xcc -I/Users/amitaharoni/Library/Developer/Xcode/DerivedData/ABCEats-fopicpefuffolyeeeubbxnliyfql/Build/Intermediates.noindex/ABCEats.build/Debug-iphoneos/ABCEats.build/DerivedSources/arm64 -Xcc -I/Users/amitaharoni/Library/Developer/Xcode/DerivedData/ABCEats-fopicpefuffolyeeeubbxnliyfql/Build/Intermediates.noindex/ABCEats.build/Debug-iphoneos/ABCEats.build/DerivedSources -Xcc -DDEBUG\=1 -emit-objc-header -emit-objc-header-path /Users/amitaharoni/Library/Developer/Xcode/DerivedData/ABCEats-fopicpefuffolyeeeubbxnliyfql/Build/Intermediates.noindex/ABCEats.build/Debug-iphoneos/ABCEats.build/Objects-normal/arm64/ABCEats-Swift.h -working-directory /Users/amitaharoni/Library/CloudStorage/Dropbox/03.\ Main\ Personal/02.\ Programming/11.\ Swift/ABCEats/ABCEats -experimental-emit-module-separately -disable-cmo

Ld /Users/amitaharoni/Library/Developer/Xcode/DerivedData/ABCEats-fopicpefuffolyeeeubbxnliyfql/Build/Products/Debug-iphoneos/ABCEats.app/ABCEats.debug.dylib normal (in target 'ABCEats' from project 'ABCEats')
    cd /Users/amitaharoni/Library/CloudStorage/Dropbox/03.\ Main\ Personal/02.\ Programming/11.\ Swift/ABCEats/ABCEats
    /Applications/Xcode.app/Contents/Developer/Toolchains/XcodeDefault.xctoolchain/usr/bin/clang -Xlinker -reproducible -target arm64-apple-ios18.5 -dynamiclib -isysroot /Applications/Xcode.app/Contents/Developer/Platforms/iPhoneOS.platform/Developer/SDKs/iPhoneOS18.5.sdk -O0 -L/Users/amitaharoni/Library/Developer/Xcode/DerivedData/ABCEats-fopicpefuffolyeeeubbxnliyfql/Build/Intermediates.noindex/EagerLinkingTBDs/Debug-iphoneos -L/Users/amitaharoni/Library/Developer/Xcode/DerivedData/ABCEats-fopicpefuffolyeeeubbxnliyfql/Build/Products/Debug-iphoneos -F/Users/amitaharoni/Library/Developer/Xcode/DerivedData/ABCEats-fopicpefuffolyeeeubbxnliyfql/Build/Intermediates.noindex/EagerLinkingTBDs/Debug-iphoneos -F/Users/amitaharoni/Library/Developer/Xcode/DerivedData/ABCEats-fopicpefuffolyeeeubbxnliyfql/Build/Products/Debug-iphoneos -filelist /Users/amitaharoni/Library/Developer/Xcode/DerivedData/ABCEats-fopicpefuffolyeeeubbxnliyfql/Build/Intermediates.noindex/ABCEats.build/Debug-iphoneos/ABCEats.build/Objects-normal/arm64/ABCEats.LinkFileList -install_name @rpath/ABCEats.debug.dylib -Xlinker -rpath -Xlinker @executable_path/Frameworks -dead_strip -Xlinker -object_path_lto -Xlinker /Users/amitaharoni/Library/Developer/Xcode/DerivedData/ABCEats-fopicpefuffolyeeeubbxnliyfql/Build/Intermediates.noindex/ABCEats.build/Debug-iphoneos/ABCEats.build/Objects-normal/arm64/ABCEats_lto.o -rdynamic -Xlinker -no_deduplicate -Xlinker -debug_variant -Xlinker -dependency_info -Xlinker /Users/amitaharoni/Library/Developer/Xcode/DerivedData/ABCEats-fopicpefuffolyeeeubbxnliyfql/Build/Intermediates.noindex/ABCEats.build/Debug-iphoneos/ABCEats.build/Objects-normal/arm64/ABCEats_dependency_info.dat -fobjc-link-runtime -fprofile-instr-generate -L/Applications/Xcode.app/Contents/Developer/Toolchains/XcodeDefault.xctoolchain/usr/lib/swift/iphoneos -L/usr/lib/swift -Xlinker -add_ast_path -Xlinker /Users/amitaharoni/Library/Developer/Xcode/DerivedData/ABCEats-fopicpefuffolyeeeubbxnliyfql/Build/Intermediates.noindex/ABCEats.build/Debug-iphoneos/ABCEats.build/Objects-normal/arm64/ABCEats.swiftmodule -Xlinker -alias -Xlinker _main -Xlinker ___debug_main_executable_dylib_entry_point -Xlinker -no_adhoc_codesign -o /Users/amitaharoni/Library/Developer/Xcode/DerivedData/ABCEats-fopicpefuffolyeeeubbxnliyfql/Build/Products/Debug-iphoneos/ABCEats.app/ABCEats.debug.dylib

ConstructStubExecutorLinkFileList /Users/amitaharoni/Library/Developer/Xcode/DerivedData/ABCEats-fopicpefuffolyeeeubbxnliyfql/Build/Intermediates.noindex/ABCEats.build/Debug-iphoneos/ABCEats.build/ABCEats-ExecutorLinkFileList-normal-arm64.txt (in target 'ABCEats' from project 'ABCEats')
    cd /Users/amitaharoni/Library/CloudStorage/Dropbox/03.\ Main\ Personal/02.\ Programming/11.\ Swift/ABCEats/ABCEats
    construct-stub-executor-link-file-list /Users/amitaharoni/Library/Developer/Xcode/DerivedData/ABCEats-fopicpefuffolyeeeubbxnliyfql/Build/Products/Debug-iphoneos/ABCEats.app/ABCEats.debug.dylib /Applications/Xcode.app/Contents/Developer/Platforms/iPhoneOS.platform/Developer/usr/lib/libPreviewsJITStubExecutor_no_swift_entry_point.a /Applications/Xcode.app/Contents/Developer/Platforms/iPhoneOS.platform/Developer/usr/lib/libPreviewsJITStubExecutor.a --output /Users/amitaharoni/Library/Developer/Xcode/DerivedData/ABCEats-fopicpefuffolyeeeubbxnliyfql/Build/Intermediates.noindex/ABCEats.build/Debug-iphoneos/ABCEats.build/ABCEats-ExecutorLinkFileList-normal-arm64.txt
note: Using stub executor library with Swift entry point. (in target 'ABCEats' from project 'ABCEats')

Ld /Users/amitaharoni/Library/Developer/Xcode/DerivedData/ABCEats-fopicpefuffolyeeeubbxnliyfql/Build/Products/Debug-iphoneos/ABCEats.app/ABCEats normal (in target 'ABCEats' from project 'ABCEats')
    cd /Users/amitaharoni/Library/CloudStorage/Dropbox/03.\ Main\ Personal/02.\ Programming/11.\ Swift/ABCEats/ABCEats
    /Applications/Xcode.app/Contents/Developer/Toolchains/XcodeDefault.xctoolchain/usr/bin/clang -Xlinker -reproducible -target arm64-apple-ios18.5 -isysroot /Applications/Xcode.app/Contents/Developer/Platforms/iPhoneOS.platform/Developer/SDKs/iPhoneOS18.5.sdk -O0 -L/Users/amitaharoni/Library/Developer/Xcode/DerivedData/ABCEats-fopicpefuffolyeeeubbxnliyfql/Build/Products/Debug-iphoneos -F/Users/amitaharoni/Library/Developer/Xcode/DerivedData/ABCEats-fopicpefuffolyeeeubbxnliyfql/Build/Products/Debug-iphoneos -Xlinker -rpath -Xlinker @executable_path -Xlinker -rpath -Xlinker @executable_path/Frameworks -rdynamic -Xlinker -no_deduplicate -Xlinker -debug_variant -e ___debug_blank_executor_main -Xlinker -sectcreate -Xlinker __TEXT -Xlinker __debug_dylib -Xlinker /Users/amitaharoni/Library/Developer/Xcode/DerivedData/ABCEats-fopicpefuffolyeeeubbxnliyfql/Build/Intermediates.noindex/ABCEats.build/Debug-iphoneos/ABCEats.build/ABCEats-DebugDylibPath-normal-arm64.txt -Xlinker -sectcreate -Xlinker __TEXT -Xlinker __debug_instlnm -Xlinker /Users/amitaharoni/Library/Developer/Xcode/DerivedData/ABCEats-fopicpefuffolyeeeubbxnliyfql/Build/Intermediates.noindex/ABCEats.build/Debug-iphoneos/ABCEats.build/ABCEats-DebugDylibInstallName-normal-arm64.txt -Xlinker -filelist -Xlinker /Users/amitaharoni/Library/Developer/Xcode/DerivedData/ABCEats-fopicpefuffolyeeeubbxnliyfql/Build/Intermediates.noindex/ABCEats.build/Debug-iphoneos/ABCEats.build/ABCEats-ExecutorLinkFileList-normal-arm64.txt /Users/amitaharoni/Library/Developer/Xcode/DerivedData/ABCEats-fopicpefuffolyeeeubbxnliyfql/Build/Products/Debug-iphoneos/ABCEats.app/ABCEats.debug.dylib -Xlinker -no_adhoc_codesign -o /Users/amitaharoni/Library/Developer/Xcode/DerivedData/ABCEats-fopicpefuffolyeeeubbxnliyfql/Build/Products/Debug-iphoneos/ABCEats.app/ABCEats

LinkAssetCatalog /Users/amitaharoni/Library/CloudStorage/Dropbox/03.\ Main\ Personal/02.\ Programming/11.\ Swift/ABCEats/ABCEats/ABCEats/Assets.xcassets (in target 'ABCEats' from project 'ABCEats')
    cd /Users/amitaharoni/Library/CloudStorage/Dropbox/03.\ Main\ Personal/02.\ Programming/11.\ Swift/ABCEats/ABCEats
    builtin-linkAssetCatalog --thinned /Users/amitaharoni/Library/Developer/Xcode/DerivedData/ABCEats-fopicpefuffolyeeeubbxnliyfql/Build/Intermediates.noindex/ABCEats.build/Debug-iphoneos/ABCEats.build/assetcatalog_output/thinned --thinned-dependencies /Users/amitaharoni/Library/Developer/Xcode/DerivedData/ABCEats-fopicpefuffolyeeeubbxnliyfql/Build/Intermediates.noindex/ABCEats.build/Debug-iphoneos/ABCEats.build/assetcatalog_dependencies_thinned --thinned-info-plist-content /Users/amitaharoni/Library/Developer/Xcode/DerivedData/ABCEats-fopicpefuffolyeeeubbxnliyfql/Build/Intermediates.noindex/ABCEats.build/Debug-iphoneos/ABCEats.build/assetcatalog_generated_info.plist_thinned --unthinned /Users/amitaharoni/Library/Developer/Xcode/DerivedData/ABCEats-fopicpefuffolyeeeubbxnliyfql/Build/Intermediates.noindex/ABCEats.build/Debug-iphoneos/ABCEats.build/assetcatalog_output/unthinned --unthinned-dependencies /Users/amitaharoni/Library/Developer/Xcode/DerivedData/ABCEats-fopicpefuffolyeeeubbxnliyfql/Build/Intermediates.noindex/ABCEats.build/Debug-iphoneos/ABCEats.build/assetcatalog_dependencies_unthinned --unthinned-info-plist-content /Users/amitaharoni/Library/Developer/Xcode/DerivedData/ABCEats-fopicpefuffolyeeeubbxnliyfql/Build/Intermediates.noindex/ABCEats.build/Debug-iphoneos/ABCEats.build/assetcatalog_generated_info.plist_unthinned --output /Users/amitaharoni/Library/Developer/Xcode/DerivedData/ABCEats-fopicpefuffolyeeeubbxnliyfql/Build/Products/Debug-iphoneos/ABCEats.app --plist-output /Users/amitaharoni/Library/Developer/Xcode/DerivedData/ABCEats-fopicpefuffolyeeeubbxnliyfql/Build/Intermediates.noindex/ABCEats.build/Debug-iphoneos/ABCEats.build/assetcatalog_generated_info.plist
note: Emplaced /Users/amitaharoni/Library/Developer/Xcode/DerivedData/ABCEats-fopicpefuffolyeeeubbxnliyfql/Build/Products/Debug-iphoneos/ABCEats.app/Assets.car (in target 'ABCEats' from project 'ABCEats')
note: Emplaced /Users/amitaharoni/Library/Developer/Xcode/DerivedData/ABCEats-fopicpefuffolyeeeubbxnliyfql/Build/Products/Debug-iphoneos/ABCEats.app/AppIcon60x60@2x.png (in target 'ABCEats' from project 'ABCEats')
note: Emplaced /Users/amitaharoni/Library/Developer/Xcode/DerivedData/ABCEats-fopicpefuffolyeeeubbxnliyfql/Build/Products/Debug-iphoneos/ABCEats.app/AppIcon76x76@2x~ipad.png (in target 'ABCEats' from project 'ABCEats')

ExtractAppIntentsMetadata (in target 'ABCEats' from project 'ABCEats')
    cd /Users/amitaharoni/Library/CloudStorage/Dropbox/03.\ Main\ Personal/02.\ Programming/11.\ Swift/ABCEats/ABCEats
    /Applications/Xcode.app/Contents/Developer/Toolchains/XcodeDefault.xctoolchain/usr/bin/appintentsmetadataprocessor --toolchain-dir /Applications/Xcode.app/Contents/Developer/Toolchains/XcodeDefault.xctoolchain --module-name ABCEats --sdk-root /Applications/Xcode.app/Contents/Developer/Platforms/iPhoneOS.platform/Developer/SDKs/iPhoneOS18.5.sdk --xcode-version 16F6 --platform-family iOS --deployment-target 18.5 --bundle-identifier ChefAharoni.ABCEats --output /Users/amitaharoni/Library/Developer/Xcode/DerivedData/ABCEats-fopicpefuffolyeeeubbxnliyfql/Build/Products/Debug-iphoneos/ABCEats.app --target-triple arm64-apple-ios18.5 --binary-file /Users/amitaharoni/Library/Developer/Xcode/DerivedData/ABCEats-fopicpefuffolyeeeubbxnliyfql/Build/Products/Debug-iphoneos/ABCEats.app/ABCEats --dependency-file /Users/amitaharoni/Library/Developer/Xcode/DerivedData/ABCEats-fopicpefuffolyeeeubbxnliyfql/Build/Intermediates.noindex/ABCEats.build/Debug-iphoneos/ABCEats.build/Objects-normal/arm64/ABCEats_dependency_info.dat --stringsdata-file /Users/amitaharoni/Library/Developer/Xcode/DerivedData/ABCEats-fopicpefuffolyeeeubbxnliyfql/Build/Intermediates.noindex/ABCEats.build/Debug-iphoneos/ABCEats.build/Objects-normal/arm64/ExtractedAppShortcutsMetadata.stringsdata --source-file-list /Users/amitaharoni/Library/Developer/Xcode/DerivedData/ABCEats-fopicpefuffolyeeeubbxnliyfql/Build/Intermediates.noindex/ABCEats.build/Debug-iphoneos/ABCEats.build/Objects-normal/arm64/ABCEats.SwiftFileList --metadata-file-list /Users/amitaharoni/Library/Developer/Xcode/DerivedData/ABCEats-fopicpefuffolyeeeubbxnliyfql/Build/Intermediates.noindex/ABCEats.build/Debug-iphoneos/ABCEats.build/ABCEats.DependencyMetadataFileList --static-metadata-file-list /Users/amitaharoni/Library/Developer/Xcode/DerivedData/ABCEats-fopicpefuffolyeeeubbxnliyfql/Build/Intermediates.noindex/ABCEats.build/Debug-iphoneos/ABCEats.build/ABCEats.DependencyStaticMetadataFileList --swift-const-vals-list /Users/amitaharoni/Library/Developer/Xcode/DerivedData/ABCEats-fopicpefuffolyeeeubbxnliyfql/Build/Intermediates.noindex/ABCEats.build/Debug-iphoneos/ABCEats.build/Objects-normal/arm64/ABCEats.SwiftConstValuesFileList --compile-time-extraction --deployment-aware-processing --validate-assistant-intents --no-app-shortcuts-localization
2025-07-12 14:36:52.273 appintentsmetadataprocessor[41932:182834] Starting appintentsmetadataprocessor export
2025-07-12 14:36:52.274 appintentsmetadataprocessor[41932:182834] warning: Metadata extraction skipped. No AppIntents.framework dependency found.

ProcessInfoPlistFile /Users/amitaharoni/Library/Developer/Xcode/DerivedData/ABCEats-fopicpefuffolyeeeubbxnliyfql/Build/Products/Debug-iphoneos/ABCEats.app/Info.plist /Users/amitaharoni/Library/CloudStorage/Dropbox/03.\ Main\ Personal/02.\ Programming/11.\ Swift/ABCEats/ABCEats/ABCEats/Info.plist (in target 'ABCEats' from project 'ABCEats')
    cd /Users/amitaharoni/Library/CloudStorage/Dropbox/03.\ Main\ Personal/02.\ Programming/11.\ Swift/ABCEats/ABCEats
    builtin-infoPlistUtility /Users/amitaharoni/Library/CloudStorage/Dropbox/03.\ Main\ Personal/02.\ Programming/11.\ Swift/ABCEats/ABCEats/ABCEats/Info.plist -producttype com.apple.product-type.application -genpkginfo /Users/amitaharoni/Library/Developer/Xcode/DerivedData/ABCEats-fopicpefuffolyeeeubbxnliyfql/Build/Products/Debug-iphoneos/ABCEats.app/PkgInfo -expandbuildsettings -format binary -platform iphoneos -additionalcontentfile /Users/amitaharoni/Library/Developer/Xcode/DerivedData/ABCEats-fopicpefuffolyeeeubbxnliyfql/Build/Intermediates.noindex/ABCEats.build/Debug-iphoneos/ABCEats.build/assetcatalog_generated_info.plist -requiredArchitecture arm64 -o /Users/amitaharoni/Library/Developer/Xcode/DerivedData/ABCEats-fopicpefuffolyeeeubbxnliyfql/Build/Products/Debug-iphoneos/ABCEats.app/Info.plist

CopySwiftLibs /Users/amitaharoni/Library/Developer/Xcode/DerivedData/ABCEats-fopicpefuffolyeeeubbxnliyfql/Build/Products/Debug-iphoneos/ABCEats.app (in target 'ABCEats' from project 'ABCEats')
    cd /Users/amitaharoni/Library/CloudStorage/Dropbox/03.\ Main\ Personal/02.\ Programming/11.\ Swift/ABCEats/ABCEats
    builtin-swiftStdLibTool --copy --verbose --sign B7A9E9C7B063C99CF36789CBE8C8839572A6BC7A --scan-executable /Users/amitaharoni/Library/Developer/Xcode/DerivedData/ABCEats-fopicpefuffolyeeeubbxnliyfql/Build/Products/Debug-iphoneos/ABCEats.app/ABCEats.debug.dylib --scan-folder /Users/amitaharoni/Library/Developer/Xcode/DerivedData/ABCEats-fopicpefuffolyeeeubbxnliyfql/Build/Products/Debug-iphoneos/ABCEats.app/Frameworks --scan-folder /Users/amitaharoni/Library/Developer/Xcode/DerivedData/ABCEats-fopicpefuffolyeeeubbxnliyfql/Build/Products/Debug-iphoneos/ABCEats.app/PlugIns --scan-folder /Users/amitaharoni/Library/Developer/Xcode/DerivedData/ABCEats-fopicpefuffolyeeeubbxnliyfql/Build/Products/Debug-iphoneos/ABCEats.app/SystemExtensions --scan-folder /Users/amitaharoni/Library/Developer/Xcode/DerivedData/ABCEats-fopicpefuffolyeeeubbxnliyfql/Build/Products/Debug-iphoneos/ABCEats.app/Extensions --platform iphoneos --toolchain /Applications/Xcode.app/Contents/Developer/Toolchains/XcodeDefault.xctoolchain --destination /Users/amitaharoni/Library/Developer/Xcode/DerivedData/ABCEats-fopicpefuffolyeeeubbxnliyfql/Build/Products/Debug-iphoneos/ABCEats.app/Frameworks --strip-bitcode --strip-bitcode-tool /Applications/Xcode.app/Contents/Developer/Toolchains/XcodeDefault.xctoolchain/usr/bin/bitcode_strip --emit-dependency-info /Users/amitaharoni/Library/Developer/Xcode/DerivedData/ABCEats-fopicpefuffolyeeeubbxnliyfql/Build/Intermediates.noindex/ABCEats.build/Debug-iphoneos/ABCEats.build/SwiftStdLibToolInputDependencies.dep --filter-for-swift-os

CodeSign /Users/amitaharoni/Library/Developer/Xcode/DerivedData/ABCEats-fopicpefuffolyeeeubbxnliyfql/Build/Products/Debug-iphoneos/ABCEats.app/ABCEats.debug.dylib (in target 'ABCEats' from project 'ABCEats')
    cd /Users/amitaharoni/Library/CloudStorage/Dropbox/03.\ Main\ Personal/02.\ Programming/11.\ Swift/ABCEats/ABCEats
    
    Signing Identity:     "Apple Development: Amit Aharoni (3828FSP45U)"
    Provisioning Profile: "iOS Team Provisioning Profile: *"
                          (0a3542ff-85f3-4943-bfd2-2d115a6d0301)
    
    /usr/bin/codesign --force --sign B7A9E9C7B063C99CF36789CBE8C8839572A6BC7A --timestamp\=none --generate-entitlement-der /Users/amitaharoni/Library/Developer/Xcode/DerivedData/ABCEats-fopicpefuffolyeeeubbxnliyfql/Build/Products/Debug-iphoneos/ABCEats.app/ABCEats.debug.dylib

CodeSign /Users/amitaharoni/Library/Developer/Xcode/DerivedData/ABCEats-fopicpefuffolyeeeubbxnliyfql/Build/Products/Debug-iphoneos/ABCEats.app/__preview.dylib (in target 'ABCEats' from project 'ABCEats')
    cd /Users/amitaharoni/Library/CloudStorage/Dropbox/03.\ Main\ Personal/02.\ Programming/11.\ Swift/ABCEats/ABCEats
    
    Signing Identity:     "Apple Development: Amit Aharoni (3828FSP45U)"
    Provisioning Profile: "iOS Team Provisioning Profile: *"
                          (0a3542ff-85f3-4943-bfd2-2d115a6d0301)
    
    /usr/bin/codesign --force --sign B7A9E9C7B063C99CF36789CBE8C8839572A6BC7A --timestamp\=none --generate-entitlement-der /Users/amitaharoni/Library/Developer/Xcode/DerivedData/ABCEats-fopicpefuffolyeeeubbxnliyfql/Build/Products/Debug-iphoneos/ABCEats.app/__preview.dylib
/Users/amitaharoni/Library/Developer/Xcode/DerivedData/ABCEats-fopicpefuffolyeeeubbxnliyfql/Build/Products/Debug-iphoneos/ABCEats.app/__preview.dylib: replacing existing signature

CodeSign /Users/amitaharoni/Library/Developer/Xcode/DerivedData/ABCEats-fopicpefuffolyeeeubbxnliyfql/Build/Products/Debug-iphoneos/ABCEats.app (in target 'ABCEats' from project 'ABCEats')
    cd /Users/amitaharoni/Library/CloudStorage/Dropbox/03.\ Main\ Personal/02.\ Programming/11.\ Swift/ABCEats/ABCEats
    
    Signing Identity:     "Apple Development: Amit Aharoni (3828FSP45U)"
    Provisioning Profile: "iOS Team Provisioning Profile: *"
                          (0a3542ff-85f3-4943-bfd2-2d115a6d0301)
    
    /usr/bin/codesign --force --sign B7A9E9C7B063C99CF36789CBE8C8839572A6BC7A --entitlements /Users/amitaharoni/Library/Developer/Xcode/DerivedData/ABCEats-fopicpefuffolyeeeubbxnliyfql/Build/Intermediates.noindex/ABCEats.build/Debug-iphoneos/ABCEats.build/ABCEats.app.xcent --timestamp\=none --generate-entitlement-der /Users/amitaharoni/Library/Developer/Xcode/DerivedData/ABCEats-fopicpefuffolyeeeubbxnliyfql/Build/Products/Debug-iphoneos/ABCEats.app

Validate /Users/amitaharoni/Library/Developer/Xcode/DerivedData/ABCEats-fopicpefuffolyeeeubbxnliyfql/Build/Products/Debug-iphoneos/ABCEats.app (in target 'ABCEats' from project 'ABCEats')
    cd /Users/amitaharoni/Library/CloudStorage/Dropbox/03.\ Main\ Personal/02.\ Programming/11.\ Swift/ABCEats/ABCEats
    builtin-validationUtility /Users/amitaharoni/Library/Developer/Xcode/DerivedData/ABCEats-fopicpefuffolyeeeubbxnliyfql/Build/Products/Debug-iphoneos/ABCEats.app -infoplist-subpath Info.plist

** BUILD SUCCEEDED **

